<?xml version="1.0" encoding="UTF-8"?>
<!-- Generated by org.testng.reporters.JUnitReportReporter -->
<testsuite hostname="DESKTOP-I6SVELB" failures="0" tests="4" name="TESTNG_Practice.Priority_Demo" time="0.016" errors="0" timestamp="2023-06-12T14:42:50 IST" skipped="0">
  <testcase classname="TESTNG_Practice.Priority_Demo" name="Add" time="0.009"/>
  <system-out/>
  <testcase classname="TESTNG_Practice.Priority_Demo" name="DeleteAll" time="0.002"/>
  <system-out/>
  <testcase classname="TESTNG_Practice.Priority_Demo" name="AddALL" time="0.003"/>
  <system-out/>
  <testcase classname="TESTNG_Practice.Priority_Demo" name="Delete" time="0.002"/>
  <system-out/>
</testsuite> <!-- TESTNG_Practice.Priority_Demo -->
