<?xml version="1.0" encoding="UTF-8"?>
<!-- Generated by org.testng.reporters.JUnitReportReporter -->
<testsuite hostname="DESKTOP-I6SVELB" failures="0" tests="1" name="TESTNG_Practice.First_Test" time="0.006" errors="0" timestamp="2023-06-12T14:26:25 IST" skipped="0">
  <testcase classname="TESTNG_Practice.First_Test" name="LaunchUrl" time="0.006"/>
  <system-out/>
</testsuite> <!-- TESTNG_Practice.First_Test -->
