<?xml version="1.0" encoding="UTF-8"?>
<!-- Generated by org.testng.reporters.JUnitReportReporter -->
<testsuite hostname="DESKTOP-I6SVELB" failures="0" tests="2" name="TESTNG_Practice.Grouping" time="0.010" errors="0" timestamp="2023-06-20T20:50:25 IST" skipped="0">
  <testcase classname="TESTNG_Practice.Grouping" name="Test2" time="0.001"/>
  <system-out/>
  <testcase classname="TESTNG_Practice.Grouping" name="Test1" time="0.009"/>
  <system-out/>
</testsuite> <!-- TESTNG_Practice.Grouping -->
