<?xml version="1.0" encoding="UTF-8"?>
<!-- Generated by org.testng.reporters.JUnitReportReporter -->
<testsuite hostname="DESKTOP-I6SVELB" failures="0" tests="2" name="TESTNG_Practice.IgnoreTest" time="0.008" errors="0" timestamp="2023-06-12T20:32:09 IST" skipped="1">
  <testcase classname="TESTNG_Practice.IgnoreTest" name="Test2" time="0.008"/>
  <system-out/>
  <testcase classname="TESTNG_Practice.IgnoreTest" name="Test1">
    <skipped/>
  </testcase> <!-- Test1 -->
  <system-out/>
</testsuite> <!-- TESTNG_Practice.IgnoreTest -->
